#
# A fatal error has been detected by the Java Runtime Environment:
#
#  Internal Error (javaCalls.cpp:51), pid=58997, tid=0x0000000000005303
#  guarantee(thread->is_Java_thread()) failed: crucial check - the VM thread cannot and must not escape to Java code
#
# JRE version: Java(TM) SE Runtime Environment (8.0_201-b09) (build 1.8.0_201-b09)
# Java VM: Java HotSpot(TM) 64-Bit Server VM (25.201-b09 mixed mode bsd-amd64 compressed oops)
# Failed to write core dump. Core dumps have been disabled. To enable core dumping, try "ulimit -c unlimited" before starting Java again
#
# If you would like to submit a bug report, please visit:
#   http://bugreport.java.com/bugreport/crash.jsp
#

---------------  T H R E A D  ---------------

Current thread (0x00007ffafa00a800):  VMThread [stack: 0x0000700005a44000,0x0000700005b44000] [id=21251]

Stack: [0x0000700005a44000,0x0000700005b44000],  sp=0x0000700005b42a90,  free space=1018k
Native frames: (J=compiled Java code, j=interpreted, Vv=VM code, C=native code)
V  [libjvm.dylib+0x5b6a2e]  VMError::report_and_die()+0x3f8
V  [libjvm.dylib+0x1e9b21]  report_vm_error(char const*, int, char const*, char const*)+0x54
V  [libjvm.dylib+0x2f028c]  JavaCallWrapper::JavaCallWrapper(methodHandle, Handle, JavaValue*, Thread*)+0x64
V  [libjvm.dylib+0x2f0b44]  JavaCalls::call_helper(JavaValue*, methodHandle*, JavaCallArguments*, Thread*)+0x608
V  [libjvm.dylib+0x2f1077]  JavaCalls::call_special(JavaValue*, KlassHandle, Symbol*, Symbol*, JavaCallArguments*, Thread*)+0x111
V  [libjvm.dylib+0x2446d3]  Exceptions::new_exception(Thread*, Symbol*, Symbol*, JavaCallArguments*, Handle, Handle)+0xc7
V  [libjvm.dylib+0x2447ce]  Exceptions::new_exception(Thread*, Symbol*, Symbol*, JavaCallArguments*, Handle, Handle, Handle)+0x28
V  [libjvm.dylib+0x244a2d]  Exceptions::new_exception(Thread*, Symbol*, char const*, Handle, Handle, Handle, Exceptions::ExceptionMsgToUtf8Mode)+0x169
V  [libjvm.dylib+0x244a48]  Exceptions::new_exception(Thread*, Symbol*, char const*, Exceptions::ExceptionMsgToUtf8Mode)+0x18
V  [libjvm.dylib+0x28887f]  GenerateOopMap::verify_error(char const*, ...)+0xed
V  [libjvm.dylib+0x288dbf]  GenerateOopMap::do_astore(int)+0x65
V  [libjvm.dylib+0x28b4e4]  GenerateOopMap::interp_bb(BasicBlock*)+0x104
V  [libjvm.dylib+0x28b733]  GenerateOopMap::interp_all()+0x31
V  [libjvm.dylib+0x28bcca]  GenerateOopMap::do_interpretation()+0x44
V  [libjvm.dylib+0x28c0e3]  GenerateOopMap::compute_map(Thread*)+0x1fb
V  [libjvm.dylib+0x486331]  OopMapForCacheEntry::compute_map(Thread*)+0x8f
V  [libjvm.dylib+0x48653a]  OopMapCacheEntry::fill(methodHandle, int)+0x19e
V  [libjvm.dylib+0x48671b]  OopMapCache::compute_one_oop_map(methodHandle, int, InterpreterOopMap*)+0x16b
V  [libjvm.dylib+0x4869d2]  OopMapCache::lookup(methodHandle, int, InterpreterOopMap*) const+0x25c
V  [libjvm.dylib+0x2c3a00]  InstanceKlass::mask_for(methodHandle, int, InterpreterOopMap*)+0xd2
V  [libjvm.dylib+0x45405d]  Method::mask_for(int, InterpreterOopMap*)+0xb3
V  [libjvm.dylib+0x39bf6f]  VM_GetOrSetLocal::doit()+0x47
V  [libjvm.dylib+0x5be6ad]  VM_Operation::evaluate()+0x4f
V  [libjvm.dylib+0x5bcc45]  VMThread::evaluate_operation(VM_Operation*)+0xdf
V  [libjvm.dylib+0x5bd092]  VMThread::loop()+0x328
V  [libjvm.dylib+0x5bc9b1]  VMThread::run()+0x79
V  [libjvm.dylib+0x48f3ca]  java_start(Thread*)+0xf6
C  [libsystem_pthread.dylib+0x36c1]  _pthread_body+0x154
C  [libsystem_pthread.dylib+0x356d]  _pthread_body+0x0
C  [libsystem_pthread.dylib+0x2c5d]  thread_start+0xd

VM_Operation (0x0000700005f4f958): GetOrSetLocal, mode: safepoint, requested by thread 0x00007ffafb015800


---------------  P R O C E S S  ---------------

Java Threads: ( => current thread )
  0x00007ffafa81c800 JavaThread "Service Thread" daemon [_thread_blocked, id=16899, stack(0x0000700006462000,0x0000700006562000)]
  0x00007ffafa067800 JavaThread "C1 CompilerThread2" daemon [_thread_blocked, id=17155, stack(0x000070000635f000,0x000070000645f000)]
  0x00007ffaf985b800 JavaThread "C2 CompilerThread1" daemon [_thread_blocked, id=14851, stack(0x000070000625c000,0x000070000635c000)]
  0x00007ffaf9811800 JavaThread "C2 CompilerThread0" daemon [_thread_blocked, id=17667, stack(0x0000700006159000,0x0000700006259000)]
  0x00007ffafa048800 JavaThread "JDWP Command Reader" daemon [_thread_in_native, id=17923, stack(0x0000700006056000,0x0000700006156000)]
  0x00007ffafb014800 JavaThread "JDWP Event Helper Thread" daemon [_thread_blocked, id=18435, stack(0x0000700005f53000,0x0000700006053000)]
  0x00007ffafb015800 JavaThread "JDWP Transport Listener: dt_socket" daemon [_thread_blocked, id=14087, stack(0x0000700005e50000,0x0000700005f50000)]
  0x00007ffaf9827000 JavaThread "Signal Dispatcher" daemon [_thread_blocked, id=18951, stack(0x0000700005d4d000,0x0000700005e4d000)]
  0x00007ffafa044800 JavaThread "Finalizer" daemon [_thread_blocked, id=12291, stack(0x0000700005c4a000,0x0000700005d4a000)]
  0x00007ffafa011000 JavaThread "Reference Handler" daemon [_thread_blocked, id=12035, stack(0x0000700005b47000,0x0000700005c47000)]
  0x00007ffafb001000 JavaThread "main" [_thread_blocked, id=9731, stack(0x0000700005535000,0x0000700005635000)]

Other Threads:
=>0x00007ffafa00a800 VMThread [stack: 0x0000700005a44000,0x0000700005b44000] [id=21251]
  0x00007ffaf9804000 WatcherThread [stack: 0x0000700006565000,0x0000700006665000] [id=15363]

VM state:at safepoint (normal execution)

VM Mutex/Monitor currently owned by a thread:  ([mutex/lock_event])
[0x00007ffaf9509f40] Threads_lock - owner thread: 0x00007ffafa00a800

heap address: 0x0000000740000000, size: 2048 MB, Compressed Oops mode: Zero based, Oop shift amount: 3
Narrow klass base: 0x0000000000000000, Narrow klass shift: 3
Compressed class space size: 1073741824 Address: 0x00000007c0000000

Heap:
 PSYoungGen      total 38400K, used 31553K [0x0000000795580000, 0x0000000798000000, 0x00000007c0000000)
  eden space 33280K, 83% used [0x0000000795580000,0x0000000797083bd0,0x0000000797600000)
  from space 5120K, 75% used [0x0000000797600000,0x00000007979cca88,0x0000000797b00000)
  to   space 5120K, 0% used [0x0000000797b00000,0x0000000797b00000,0x0000000798000000)
 ParOldGen       total 87552K, used 8K [0x0000000740000000, 0x0000000745580000, 0x0000000795580000)
  object space 87552K, 0% used [0x0000000740000000,0x0000000740002000,0x0000000745580000)
 Metaspace       used 13310K, capacity 14262K, committed 14464K, reserved 1062912K
  class space    used 1613K, capacity 1795K, committed 1920K, reserved 1048576K

Card table byte_map: [0x00000001025ca000,0x00000001029cb000] byte_map_base: 0x00000000febca000

Marking Bits: (ParMarkBitMap*) 0x0000000101afbe40
 Begin Bits: [0x0000000102c76000, 0x0000000104c76000)
 End Bits:   [0x0000000104c76000, 0x0000000106c76000)

Polling page: 0x000000010095a000

CodeCache: size=245760Kb used=6539Kb max_used=6584Kb free=239220Kb
 bounds [0x0000000109a75000, 0x000000010a0f5000, 0x0000000118a75000]
 total_blobs=2069 nmethods=1711 adapters=279
 compilation: enabled

Compilation events (10 events):
Event: 79291.638 Thread 0x00007ffafa067800 1710       3       org.eclipse.jdt.launching.internal.org.objectweb.asm.ClassWriter::visit (160 bytes)
Event: 79291.640 Thread 0x00007ffafa067800 nmethod 1710 0x000000010a0a35d0 code [0x000000010a0a37c0, 0x000000010a0a4258]
Event: 79291.642 Thread 0x00007ffafa067800 1707       3       org.eclipse.jdt.launching.internal.org.objectweb.asm.ClassVisitor::<init> (7 bytes)
Event: 79291.642 Thread 0x00007ffafa067800 nmethod 1707 0x000000010a0a4e90 code [0x000000010a0a5000, 0x000000010a0a51a8]
Event: 79291.643 Thread 0x00007ffafa067800 1708       3       org.eclipse.jdt.launching.internal.org.objectweb.asm.SymbolTable::<init> (41 bytes)
Event: 79291.644 Thread 0x00007ffafa067800 nmethod 1708 0x000000010a0c0f90 code [0x000000010a0c1120, 0x000000010a0c1570]
Event: 79291.645 Thread 0x00007ffafa067800 1709       3       org.eclipse.jdt.launching.internal.org.objectweb.asm.ClassVisitor::visit (24 bytes)
Event: 79291.646 Thread 0x00007ffafa067800 nmethod 1709 0x000000010a0c0a90 code [0x000000010a0c0c00, 0x000000010a0c0ea8]
Event: 79291.647 Thread 0x00007ffafa067800 1711       3       org.eclipse.jdt.launching.internal.org.objectweb.asm.SymbolTable::setMajorVersionAndClassName (19 bytes)
Event: 79291.647 Thread 0x00007ffafa067800 nmethod 1711 0x000000010a0c0550 code [0x000000010a0c06c0, 0x000000010a0c0968]

GC Heap History (2 events):
Event: 2.121 GC heap before
{Heap before GC invocations=1 (full 0):
 PSYoungGen      total 38400K, used 33280K [0x0000000795580000, 0x0000000798000000, 0x00000007c0000000)
  eden space 33280K, 100% used [0x0000000795580000,0x0000000797600000,0x0000000797600000)
  from space 5120K, 0% used [0x0000000797b00000,0x0000000797b00000,0x0000000798000000)
  to   space 5120K, 0% used [0x0000000797600000,0x0000000797600000,0x0000000797b00000)
 ParOldGen       total 87552K, used 0K [0x0000000740000000, 0x0000000745580000, 0x0000000795580000)
  object space 87552K, 0% used [0x0000000740000000,0x0000000740000000,0x0000000745580000)
 Metaspace       used 8605K, capacity 9016K, committed 9088K, reserved 1056768K
  class space    used 979K, capacity 1096K, committed 1152K, reserved 1048576K
Event: 2.135 GC heap after
Heap after GC invocations=1 (full 0):
 PSYoungGen      total 38400K, used 3890K [0x0000000795580000, 0x0000000798000000, 0x00000007c0000000)
  eden space 33280K, 0% used [0x0000000795580000,0x0000000795580000,0x0000000797600000)
  from space 5120K, 75% used [0x0000000797600000,0x00000007979cca88,0x0000000797b00000)
  to   space 5120K, 0% used [0x0000000797b00000,0x0000000797b00000,0x0000000798000000)
 ParOldGen       total 87552K, used 8K [0x0000000740000000, 0x0000000745580000, 0x0000000795580000)
  object space 87552K, 0% used [0x0000000740000000,0x0000000740002000,0x0000000745580000)
 Metaspace       used 8605K, capacity 9016K, committed 9088K, reserved 1056768K
  class space    used 979K, capacity 1096K, committed 1152K, reserved 1048576K
}

Deoptimization events (10 events):
Event: 1.810 Thread 0x00007ffafb001000 Uncommon trap: reason=unstable_if action=reinterpret pc=0x0000000109e195f4 method=java.util.HashMap.getNode(ILjava/lang/Object;)Ljava/util/HashMap$Node; @ 129
Event: 2.142 Thread 0x00007ffafb001000 Uncommon trap: reason=unstable_if action=reinterpret pc=0x0000000109dc503c method=java.lang.ref.SoftReference.get()Ljava/lang/Object; @ 17
Event: 3.078 Thread 0x00007ffafb001000 Uncommon trap: reason=unstable_if action=reinterpret pc=0x0000000109c03174 method=org.eclipse.jdt.launching.internal.org.objectweb.asm.ClassReader.readUtf(II[C)Ljava/lang/String; @ 41
Event: 3.078 Thread 0x00007ffafb001000 Uncommon trap: reason=unstable_if action=reinterpret pc=0x0000000109d3d378 method=org.eclipse.jdt.launching.internal.org.objectweb.asm.ByteVector.putUTF8(Ljava/lang/String;)Lorg/eclipse/jdt/launching/internal/org/objectweb/asm/ByteVector; @ 100
Event: 3.078 Thread 0x00007ffafb001000 Uncommon trap: reason=unstable_if action=reinterpret pc=0x0000000109eade08 method=org.eclipse.jdt.launching.internal.org.objectweb.asm.ByteVector.encodeUtf8(Ljava/lang/String;II)Lorg/eclipse/jdt/launching/internal/org/objectweb/asm/ByteVector; @ 37
Event: 3.078 Thread 0x00007ffafb001000 Uncommon trap: reason=unstable_if action=reinterpret pc=0x0000000109c05554 method=org.eclipse.jdt.launching.internal.org.objectweb.asm.ByteVector.putUTF8(Ljava/lang/String;)Lorg/eclipse/jdt/launching/internal/org/objectweb/asm/ByteVector; @ 100
Event: 3.079 Thread 0x00007ffafb001000 Uncommon trap: reason=unstable_if action=reinterpret pc=0x0000000109b958a0 method=java.lang.CharacterData.of(I)Ljava/lang/CharacterData; @ 4
Event: 3.130 Thread 0x00007ffafb001000 Uncommon trap: reason=unstable_if action=reinterpret pc=0x0000000109e2eaf0 method=java.util.HashMap.hash(Ljava/lang/Object;)I @ 1
Event: 3.316 Thread 0x00007ffafb001000 Uncommon trap: reason=unstable_if action=reinterpret pc=0x0000000109f8d5a4 method=sun.misc.MetaIndex.mayContain(Ljava/lang/String;)Z @ 38
Event: 3.332 Thread 0x00007ffafb001000 Uncommon trap: reason=unstable_if action=reinterpret pc=0x0000000109cbbf04 method=java.lang.String.replace(CC)Ljava/lang/String; @ 26

Classes redefined (6 events):
Event: 3999.012 Thread 0x00007ffafa00a800 redefined class name=escape.board.BoardTest, count=1
Event: 4106.621 Thread 0x00007ffafa00a800 redefined class name=escape.board.BoardTest, count=2
Event: 4197.362 Thread 0x00007ffafa00a800 redefined class name=escape.board.BoardTest, count=3
Event: 4221.406 Thread 0x00007ffafa00a800 redefined class name=escape.board.BoardTest, count=4
Event: 4358.976 Thread 0x00007ffafa00a800 redefined class name=escape.board.BoardTest, count=5
Event: 4582.586 Thread 0x00007ffafa00a800 redefined class name=escape.board.BoardTest, count=6

Internal exceptions (10 events):
Event: 3.130 Thread 0x00007ffafb001000 Implicit null exception at 0x0000000109e2e09e to 0x0000000109e2ead5
Event: 3.516 Thread 0x00007ffafb001000 Exception <a 'java/lang/ClassNotFoundException': com/sun/org/glassfish/hk2/osgiresourcelocator/ServiceLoader> (0x0000000796b4be40) thrown at [/Users/java_re/workspace/8-2-build-macosx-x86_64/jdk8u201/12322/hotspot/src/share/vm/classfile/systemDictionary.c
Event: 3.538 Thread 0x00007ffafb001000 Exception <a 'java/lang/ClassNotFoundException': com/sun/org/glassfish/hk2/osgiresourcelocator/ServiceLoader> (0x0000000796b9d648) thrown at [/Users/java_re/workspace/8-2-build-macosx-x86_64/jdk8u201/12322/hotspot/src/share/vm/classfile/systemDictionary.c
Event: 3.684 Thread 0x00007ffafb001000 Exception <a 'java/lang/ClassNotFoundException': com/sun/org/glassfish/hk2/osgiresourcelocator/ServiceLoader> (0x0000000796caddc8) thrown at [/Users/java_re/workspace/8-2-build-macosx-x86_64/jdk8u201/12322/hotspot/src/share/vm/classfile/systemDictionary.c
Event: 3.709 Thread 0x00007ffafb001000 Exception <a 'java/lang/reflect/InvocationTargetException'> (0x0000000796d21598) thrown at [/Users/java_re/workspace/8-2-build-macosx-x86_64/jdk8u201/12322/hotspot/src/share/vm/runtime/reflection.cpp, line 1092]
Event: 3.724 Thread 0x00007ffafb001000 Exception <a 'java/lang/ClassNotFoundException': com/sun/org/glassfish/hk2/osgiresourcelocator/ServiceLoader> (0x0000000796d8ae60) thrown at [/Users/java_re/workspace/8-2-build-macosx-x86_64/jdk8u201/12322/hotspot/src/share/vm/classfile/systemDictionary.c
Event: 3.746 Thread 0x00007ffafb001000 Exception <a 'java/lang/ClassNotFoundException': com/sun/org/glassfish/hk2/osgiresourcelocator/ServiceLoader> (0x0000000796dcae98) thrown at [/Users/java_re/workspace/8-2-build-macosx-x86_64/jdk8u201/12322/hotspot/src/share/vm/classfile/systemDictionary.c
Event: 3.769 Thread 0x00007ffafb001000 Exception <a 'java/lang/ClassNotFoundException': com/sun/org/glassfish/hk2/osgiresourcelocator/ServiceLoader> (0x0000000796e0a568) thrown at [/Users/java_re/workspace/8-2-build-macosx-x86_64/jdk8u201/12322/hotspot/src/share/vm/classfile/systemDictionary.c
Event: 3.779 Thread 0x00007ffafb001000 Exception <a 'java/lang/ClassNotFoundException': com/sun/org/glassfish/hk2/osgiresourcelocator/ServiceLoader> (0x0000000796e47148) thrown at [/Users/java_re/workspace/8-2-build-macosx-x86_64/jdk8u201/12322/hotspot/src/share/vm/classfile/systemDictionary.c
Event: 3.792 Thread 0x00007ffafb001000 Exception <a 'java/lang/ClassNotFoundException': com/sun/org/glassfish/hk2/osgiresourcelocator/ServiceLoader> (0x0000000796e8e800) thrown at [/Users/java_re/workspace/8-2-build-macosx-x86_64/jdk8u201/12322/hotspot/src/share/vm/classfile/systemDictionary.c

Events (10 events):
Event: 79291.623 Thread 0x00007ffafb015800 DEOPT UNPACKING pc=0x0000000109abc784 sp=0x0000700005f4dc90 mode 0
Event: 133029.861 Executing VM operation: GetCurrentContendedMonitor
Event: 133029.862 Executing VM operation: GetCurrentContendedMonitor done
Event: 133029.863 Executing VM operation: GetOwnedMonitorInfo
Event: 133029.867 Executing VM operation: GetOwnedMonitorInfo done
Event: 133033.160 Executing VM operation: GetCurrentContendedMonitor
Event: 133033.160 Executing VM operation: GetCurrentContendedMonitor done
Event: 133033.160 Executing VM operation: GetOwnedMonitorInfo
Event: 133033.160 Executing VM operation: GetOwnedMonitorInfo done
Event: 133034.994 Executing VM operation: GetOrSetLocal


Dynamic libraries:
0x00007fff3aafc000 	/System/Library/Frameworks/Cocoa.framework/Versions/A/Cocoa
0x00007fff46eb9000 	/System/Library/Frameworks/Security.framework/Versions/A/Security
0x00007fff3976b000 	/System/Library/Frameworks/ApplicationServices.framework/Versions/A/ApplicationServices
0x00007fff62a3d000 	/usr/lib/libz.1.dylib
0x00007fff60a51000 	/usr/lib/libSystem.B.dylib
0x00007fff62052000 	/usr/lib/libobjc.A.dylib
0x00007fff3b296000 	/System/Library/Frameworks/CoreFoundation.framework/Versions/A/CoreFoundation
0x00007fff3d3cc000 	/System/Library/Frameworks/Foundation.framework/Versions/C/Foundation
0x00007fff388bc000 	/System/Library/Frameworks/AppKit.framework/Versions/C/AppKit
0x00007fff3ae74000 	/System/Library/Frameworks/CoreData.framework/Versions/A/CoreData
0x00007fff5a482000 	/System/Library/PrivateFrameworks/RemoteViewServices.framework/Versions/A/RemoteViewServices
0x00007fff5ead7000 	/System/Library/PrivateFrameworks/UIFoundation.framework/Versions/A/UIFoundation
0x00007fff4f4b8000 	/System/Library/PrivateFrameworks/DFRFoundation.framework/Versions/A/DFRFoundation
0x00007fff3f8a3000 	/System/Library/Frameworks/Metal.framework/Versions/A/Metal
0x00007fff4f659000 	/System/Library/PrivateFrameworks/DesktopServicesPriv.framework/Versions/A/DesktopServicesPriv
0x00007fff61654000 	/usr/lib/libenergytrace.dylib
0x00007fff5cbfb000 	/System/Library/PrivateFrameworks/SkyLight.framework/Versions/A/SkyLight
0x00007fff3b738000 	/System/Library/Frameworks/CoreGraphics.framework/Versions/A/CoreGraphics
0x00007fff60a4c000 	/usr/lib/libScreenReader.dylib
0x00007fff3787d000 	/System/Library/Frameworks/Accelerate.framework/Versions/A/Accelerate
0x00007fff3db43000 	/System/Library/Frameworks/IOSurface.framework/Versions/A/IOSurface
0x00007fff39cb5000 	/System/Library/Frameworks/AudioToolbox.framework/Versions/A/AudioToolbox
0x00007fff39f42000 	/System/Library/Frameworks/AudioUnit.framework/Versions/A/AudioUnit
0x00007fff4f554000 	/System/Library/PrivateFrameworks/DataDetectorsCore.framework/Versions/A/DataDetectorsCore
0x00007fff3a603000 	/System/Library/Frameworks/Carbon.framework/Versions/A/Frameworks/HIToolbox.framework/Versions/A/HIToolbox
0x00007fff617ae000 	/usr/lib/libicucore.A.dylib
0x00007fff46438000 	/System/Library/Frameworks/QuartzCore.framework/Versions/A/QuartzCore
0x00007fff3a9e9000 	/System/Library/Frameworks/Carbon.framework/Versions/A/Frameworks/SpeechRecognition.framework/Versions/A/SpeechRecognition
0x00007fff60bad000 	/usr/lib/libauto.dylib
0x00007fff6292c000 	/usr/lib/libxml2.2.dylib
0x00007fff4f132000 	/System/Library/PrivateFrameworks/CoreUI.framework/Versions/A/CoreUI
0x00007fff3ad50000 	/System/Library/Frameworks/CoreAudio.framework/Versions/A/CoreAudio
0x00007fff3d206000 	/System/Library/Frameworks/DiskArbitration.framework/Versions/A/DiskArbitration
0x00007fff61a22000 	/usr/lib/liblangid.dylib
0x00007fff569d1000 	/System/Library/PrivateFrameworks/MultitouchSupport.framework/Versions/A/MultitouchSupport
0x00007fff3daa6000 	/System/Library/Frameworks/IOKit.framework/Versions/A/IOKit
0x00007fff606e9000 	/usr/lib/libDiagnosticMessagesClient.dylib
0x00007fff3c3f6000 	/System/Library/Frameworks/CoreServices.framework/Versions/A/CoreServices
0x00007fff5846b000 	/System/Library/PrivateFrameworks/PerformanceAnalysis.framework/Versions/A/PerformanceAnalysis
0x00007fff455e2000 	/System/Library/Frameworks/OpenGL.framework/Versions/A/OpenGL
0x00007fff3ab0a000 	/System/Library/Frameworks/ColorSync.framework/Versions/A/ColorSync
0x00007fff3bd47000 	/System/Library/Frameworks/CoreImage.framework/Versions/A/CoreImage
0x00007fff3cd77000 	/System/Library/Frameworks/CoreText.framework/Versions/A/CoreText
0x00007fff3dba1000 	/System/Library/Frameworks/ImageIO.framework/Versions/A/ImageIO
0x00007fff4b98b000 	/System/Library/PrivateFrameworks/Backup.framework/Versions/A/Backup
0x00007fff60afd000 	/usr/lib/libarchive.2.dylib
0x00007fff3a257000 	/System/Library/Frameworks/CFNetwork.framework/Versions/A/CFNetwork
0x00007fff47635000 	/System/Library/Frameworks/SystemConfiguration.framework/Versions/A/SystemConfiguration
0x00007fff60612000 	/usr/lib/libCRFSuite.dylib
0x00007fff60c85000 	/usr/lib/libc++.1.dylib
0x00007fff60cdc000 	/usr/lib/libc++abi.dylib
0x00007fff62aed000 	/usr/lib/system/libcache.dylib
0x00007fff62af2000 	/usr/lib/system/libcommonCrypto.dylib
0x00007fff62afd000 	/usr/lib/system/libcompiler_rt.dylib
0x00007fff62b05000 	/usr/lib/system/libcopyfile.dylib
0x00007fff62b0e000 	/usr/lib/system/libcorecrypto.dylib
0x00007fff62c1b000 	/usr/lib/system/libdispatch.dylib
0x00007fff62c55000 	/usr/lib/system/libdyld.dylib
0x00007fff62c73000 	/usr/lib/system/libkeymgr.dylib
0x00007fff62c81000 	/usr/lib/system/liblaunch.dylib
0x00007fff62c82000 	/usr/lib/system/libmacho.dylib
0x00007fff62c87000 	/usr/lib/system/libquarantine.dylib
0x00007fff62c8a000 	/usr/lib/system/libremovefile.dylib
0x00007fff62c8c000 	/usr/lib/system/libsystem_asl.dylib
0x00007fff62ca4000 	/usr/lib/system/libsystem_blocks.dylib
0x00007fff62ca5000 	/usr/lib/system/libsystem_c.dylib
0x00007fff62d2f000 	/usr/lib/system/libsystem_configuration.dylib
0x00007fff62d33000 	/usr/lib/system/libsystem_coreservices.dylib
0x00007fff62d37000 	/usr/lib/system/libsystem_darwin.dylib
0x00007fff62d39000 	/usr/lib/system/libsystem_dnssd.dylib
0x00007fff62d40000 	/usr/lib/system/libsystem_info.dylib
0x00007fff62db0000 	/usr/lib/system/libsystem_m.dylib
0x00007fff62dfc000 	/usr/lib/system/libsystem_malloc.dylib
0x00007fff62e1c000 	/usr/lib/system/libsystem_network.dylib
0x00007fff62ec1000 	/usr/lib/system/libsystem_networkextension.dylib
0x00007fff62ecc000 	/usr/lib/system/libsystem_notify.dylib
0x00007fff62eea000 	/usr/lib/system/libsystem_sandbox.dylib
0x00007fff62eee000 	/usr/lib/system/libsystem_secinit.dylib
0x00007fff62d8a000 	/usr/lib/system/libsystem_kernel.dylib
0x00007fff62ed6000 	/usr/lib/system/libsystem_platform.dylib
0x00007fff62ede000 	/usr/lib/system/libsystem_pthread.dylib
0x00007fff62ef0000 	/usr/lib/system/libsystem_symptoms.dylib
0x00007fff62ef8000 	/usr/lib/system/libsystem_trace.dylib
0x00007fff62f0d000 	/usr/lib/system/libunwind.dylib
0x00007fff62f13000 	/usr/lib/system/libxpc.dylib
0x00007fff6053f000 	/usr/lib/closure/libclosured.dylib
0x00007fff60c66000 	/usr/lib/libbsm.0.dylib
0x00007fff62c74000 	/usr/lib/system/libkxld.dylib
0x00007fff60923000 	/usr/lib/libOpenScriptingUtil.dylib
0x00007fff60fd6000 	/usr/lib/libcoretls.dylib
0x00007fff60fef000 	/usr/lib/libcoretls_cfhelpers.dylib
0x00007fff62453000 	/usr/lib/libpam.2.dylib
0x00007fff62579000 	/usr/lib/libsqlite3.dylib
0x00007fff6291b000 	/usr/lib/libxar.1.dylib
0x00007fff60c77000 	/usr/lib/libbz2.1.0.dylib
0x00007fff61a24000 	/usr/lib/liblzma.5.dylib
0x00007fff61f05000 	/usr/lib/libnetwork.dylib
0x00007fff60ae6000 	/usr/lib/libapple_nghttp2.dylib
0x00007fff6245a000 	/usr/lib/libpcap.A.dylib
0x00007fff60bae000 	/usr/lib/libboringssl.dylib
0x00007fff628dd000 	/usr/lib/libusrtcp.dylib
0x00007fff60ae5000 	/usr/lib/libapple_crypto.dylib
0x00007fff3c779000 	/System/Library/Frameworks/CoreServices.framework/Versions/A/Frameworks/FSEvents.framework/Versions/A/FSEvents
0x00007fff3c46c000 	/System/Library/Frameworks/CoreServices.framework/Versions/A/Frameworks/CarbonCore.framework/Versions/A/CarbonCore
0x00007fff3c93b000 	/System/Library/Frameworks/CoreServices.framework/Versions/A/Frameworks/Metadata.framework/Versions/A/Metadata
0x00007fff3c9eb000 	/System/Library/Frameworks/CoreServices.framework/Versions/A/Frameworks/OSServices.framework/Versions/A/OSServices
0x00007fff3ca49000 	/System/Library/Frameworks/CoreServices.framework/Versions/A/Frameworks/SearchKit.framework/Versions/A/SearchKit
0x00007fff3c3f7000 	/System/Library/Frameworks/CoreServices.framework/Versions/A/Frameworks/AE.framework/Versions/A/AE
0x00007fff3c782000 	/System/Library/Frameworks/CoreServices.framework/Versions/A/Frameworks/LaunchServices.framework/Versions/A/LaunchServices
0x00007fff3c744000 	/System/Library/Frameworks/CoreServices.framework/Versions/A/Frameworks/DictionaryServices.framework/Versions/A/DictionaryServices
0x00007fff3cab8000 	/System/Library/Frameworks/CoreServices.framework/Versions/A/Frameworks/SharedFileList.framework/Versions/A/SharedFileList
0x00007fff40a6f000 	/System/Library/Frameworks/NetFS.framework/Versions/A/NetFS
0x00007fff56c5e000 	/System/Library/PrivateFrameworks/NetAuth.framework/Versions/A/NetAuth
0x00007fff603d9000 	/System/Library/PrivateFrameworks/login.framework/Versions/A/Frameworks/loginsupport.framework/Versions/A/loginsupport
0x00007fff5e75b000 	/System/Library/PrivateFrameworks/TCC.framework/Versions/A/TCC
0x00007fff61b05000 	/usr/lib/libmecabra.dylib
0x00007fff3976c000 	/System/Library/Frameworks/ApplicationServices.framework/Versions/A/Frameworks/ATS.framework/Versions/A/ATS
0x00007fff39b1a000 	/System/Library/Frameworks/ApplicationServices.framework/Versions/A/Frameworks/ColorSyncLegacy.framework/Versions/A/ColorSyncLegacy
0x00007fff39bbe000 	/System/Library/Frameworks/ApplicationServices.framework/Versions/A/Frameworks/HIServices.framework/Versions/A/HIServices
0x00007fff39c11000 	/System/Library/Frameworks/ApplicationServices.framework/Versions/A/Frameworks/LangAnalysis.framework/Versions/A/LangAnalysis
0x00007fff39c20000 	/System/Library/Frameworks/ApplicationServices.framework/Versions/A/Frameworks/PrintCore.framework/Versions/A/PrintCore
0x00007fff39c6d000 	/System/Library/Frameworks/ApplicationServices.framework/Versions/A/Frameworks/QD.framework/Versions/A/QD
0x00007fff39ca8000 	/System/Library/Frameworks/ApplicationServices.framework/Versions/A/Frameworks/SpeechSynthesis.framework/Versions/A/SpeechSynthesis
0x00007fff3b1c9000 	/System/Library/Frameworks/CoreDisplay.framework/Versions/A/CoreDisplay
0x00007fff37895000 	/System/Library/Frameworks/Accelerate.framework/Versions/A/Frameworks/vImage.framework/Versions/A/vImage
0x00007fff385cc000 	/System/Library/Frameworks/Accelerate.framework/Versions/A/Frameworks/vecLib.framework/Versions/A/vecLib
0x00007fff3836e000 	/System/Library/Frameworks/Accelerate.framework/Versions/A/Frameworks/vecLib.framework/Versions/A/libvDSP.dylib
0x00007fff37eef000 	/System/Library/Frameworks/Accelerate.framework/Versions/A/Frameworks/vecLib.framework/Versions/A/libBNNS.dylib
0x00007fff382f5000 	/System/Library/Frameworks/Accelerate.framework/Versions/A/Frameworks/vecLib.framework/Versions/A/libQuadrature.dylib
0x00007fff3851b000 	/System/Library/Frameworks/Accelerate.framework/Versions/A/Frameworks/vecLib.framework/Versions/A/libvMisc.dylib
0x00007fff37f1e000 	/System/Library/Frameworks/Accelerate.framework/Versions/A/Frameworks/vecLib.framework/Versions/A/libLAPACK.dylib
0x00007fff37d94000 	/System/Library/Frameworks/Accelerate.framework/Versions/A/Frameworks/vecLib.framework/Versions/A/libBLAS.dylib
0x00007fff382df000 	/System/Library/Frameworks/Accelerate.framework/Versions/A/Frameworks/vecLib.framework/Versions/A/libLinearAlgebra.dylib
0x00007fff382fb000 	/System/Library/Frameworks/Accelerate.framework/Versions/A/Frameworks/vecLib.framework/Versions/A/libSparse.dylib
0x00007fff3835a000 	/System/Library/Frameworks/Accelerate.framework/Versions/A/Frameworks/vecLib.framework/Versions/A/libSparseBLAS.dylib
0x00007fff552ec000 	/System/Library/PrivateFrameworks/IOAccelerator.framework/Versions/A/IOAccelerator
0x00007fff552f7000 	/System/Library/PrivateFrameworks/IOPresentment.framework/Versions/A/IOPresentment
0x00007fff4f4ca000 	/System/Library/PrivateFrameworks/DSExternalDisplay.framework/Versions/A/DSExternalDisplay
0x00007fff44a64000 	/System/Library/Frameworks/OpenGL.framework/Versions/A/Libraries/libCoreFSCache.dylib
0x00007fff3cec6000 	/System/Library/Frameworks/CoreVideo.framework/Versions/A/CoreVideo
0x00007fff5493f000 	/System/Library/PrivateFrameworks/GraphVisualizer.framework/Versions/A/GraphVisualizer
0x00007fff3fa66000 	/System/Library/Frameworks/MetalPerformanceShaders.framework/Versions/A/MetalPerformanceShaders
0x00007fff60721000 	/usr/lib/libFosl_dynamic.dylib
0x00007fff504fd000 	/System/Library/PrivateFrameworks/FaceCore.framework/Versions/A/FaceCore
0x00007fff4386c000 	/System/Library/Frameworks/OpenCL.framework/Versions/A/OpenCL
0x00007fff60d13000 	/usr/lib/libcompression.dylib
0x00007fff3986b000 	/System/Library/Frameworks/ApplicationServices.framework/Versions/A/Frameworks/ATS.framework/Versions/A/Resources/libFontParser.dylib
0x00007fff3998e000 	/System/Library/Frameworks/ApplicationServices.framework/Versions/A/Frameworks/ATS.framework/Versions/A/Resources/libFontRegistry.dylib
0x00007fff3de06000 	/System/Library/Frameworks/ImageIO.framework/Versions/A/Resources/libJPEG.dylib
0x00007fff3e12f000 	/System/Library/Frameworks/ImageIO.framework/Versions/A/Resources/libTIFF.dylib
0x00007fff3e105000 	/System/Library/Frameworks/ImageIO.framework/Versions/A/Resources/libPng.dylib
0x00007fff3dd19000 	/System/Library/Frameworks/ImageIO.framework/Versions/A/Resources/libGIF.dylib
0x00007fff3dd1e000 	/System/Library/Frameworks/ImageIO.framework/Versions/A/Resources/libJP2.dylib
0x00007fff3e12c000 	/System/Library/Frameworks/ImageIO.framework/Versions/A/Resources/libRadiance.dylib
0x00007fff4b0ec000 	/System/Library/PrivateFrameworks/AppleJPEG.framework/Versions/A/AppleJPEG
0x00007fff56737000 	/System/Library/PrivateFrameworks/MetalTools.framework/Versions/A/MetalTools
0x00007fff3f93f000 	/System/Library/Frameworks/MetalPerformanceShaders.framework/Frameworks/MPSCore.framework/Versions/A/MPSCore
0x00007fff3f955000 	/System/Library/Frameworks/MetalPerformanceShaders.framework/Frameworks/MPSImage.framework/Versions/A/MPSImage
0x00007fff3f9c1000 	/System/Library/Frameworks/MetalPerformanceShaders.framework/Frameworks/MPSMatrix.framework/Versions/A/MPSMatrix
0x00007fff3f9e5000 	/System/Library/Frameworks/MetalPerformanceShaders.framework/Frameworks/MPSNeuralNetwork.framework/Versions/A/MPSNeuralNetwork
0x00007fff44c2c000 	/System/Library/Frameworks/OpenGL.framework/Versions/A/Libraries/libGLU.dylib
0x00007fff44a6e000 	/System/Library/Frameworks/OpenGL.framework/Versions/A/Libraries/libGFXShared.dylib
0x00007fff44a77000 	/System/Library/Frameworks/OpenGL.framework/Versions/A/Libraries/libGL.dylib
0x00007fff44a83000 	/System/Library/Frameworks/OpenGL.framework/Versions/A/Libraries/libGLImage.dylib
0x00007fff44a61000 	/System/Library/Frameworks/OpenGL.framework/Versions/A/Libraries/libCVMSPluginSupport.dylib
0x00007fff44a69000 	/System/Library/Frameworks/OpenGL.framework/Versions/A/Libraries/libCoreVMClient.dylib
0x00007fff614c0000 	/usr/lib/libcups.2.dylib
0x00007fff3ef0b000 	/System/Library/Frameworks/Kerberos.framework/Versions/A/Kerberos
0x00007fff3d801000 	/System/Library/Frameworks/GSS.framework/Versions/A/GSS
0x00007fff6250d000 	/usr/lib/libresolv.9.dylib
0x00007fff616bc000 	/usr/lib/libiconv.2.dylib
0x00007fff549c6000 	/System/Library/PrivateFrameworks/Heimdal.framework/Versions/A/Heimdal
0x00007fff6168b000 	/usr/lib/libheimdal-asn1.dylib
0x00007fff438d7000 	/System/Library/Frameworks/OpenDirectory.framework/Versions/A/OpenDirectory
0x00007fff4d3a2000 	/System/Library/PrivateFrameworks/CommonAuth.framework/Versions/A/CommonAuth
0x00007fff438ba000 	/System/Library/Frameworks/OpenDirectory.framework/Versions/A/Frameworks/CFOpenDirectory.framework/Versions/A/CFOpenDirectory
0x00007fff471d1000 	/System/Library/Frameworks/SecurityFoundation.framework/Versions/A/SecurityFoundation
0x00007fff4a2d8000 	/System/Library/PrivateFrameworks/APFS.framework/Versions/A/APFS
0x00007fff62917000 	/usr/lib/libutil.dylib
0x00007fff4b16f000 	/System/Library/PrivateFrameworks/AppleSauce.framework/Versions/A/AppleSauce
0x00007fff55ace000 	/System/Library/PrivateFrameworks/LinguisticData.framework/Versions/A/LinguisticData
0x00007fff61a3e000 	/usr/lib/libmarisa.dylib
0x00007fff55a88000 	/System/Library/PrivateFrameworks/Lexicon.framework/Versions/A/Lexicon
0x00007fff6064c000 	/usr/lib/libChineseTokenizer.dylib
0x00007fff60d02000 	/usr/lib/libcmph.dylib
0x00007fff55992000 	/System/Library/PrivateFrameworks/LanguageModeling.framework/Versions/A/LanguageModeling
0x00007fff4ddb8000 	/System/Library/PrivateFrameworks/CoreEmoji.framework/Versions/A/CoreEmoji
0x00007fff4728d000 	/System/Library/Frameworks/ServiceManagement.framework/Versions/A/ServiceManagement
0x00007fff4b983000 	/System/Library/PrivateFrameworks/BackgroundTaskManagement.framework/Versions/A/BackgroundTaskManagement
0x00007fff62a14000 	/usr/lib/libxslt.1.dylib
0x00007fff3a913000 	/System/Library/Frameworks/Carbon.framework/Versions/A/Frameworks/Ink.framework/Versions/A/Ink
0x00007fff5e96f000 	/System/Library/PrivateFrameworks/TextureIO.framework/Versions/A/TextureIO
0x00007fff60b28000 	/usr/lib/libate.dylib
0x00007fff4f42c000 	/System/Library/PrivateFrameworks/CrashReporterSupport.framework/Versions/A/CrashReporterSupport
0x00007fff5bdc2000 	/System/Library/PrivateFrameworks/Sharing.framework/Versions/A/Sharing
0x00007fff556d8000 	/System/Library/PrivateFrameworks/IconServices.framework/Versions/A/IconServices
0x00007fff5a287000 	/System/Library/PrivateFrameworks/ProtocolBuffer.framework/Versions/A/ProtocolBuffer
0x00007fff4af77000 	/System/Library/PrivateFrameworks/Apple80211.framework/Versions/A/Apple80211
0x00007fff3cf01000 	/System/Library/Frameworks/CoreWLAN.framework/Versions/A/CoreWLAN
0x00007fff4f267000 	/System/Library/PrivateFrameworks/CoreUtils.framework/Versions/A/CoreUtils
0x00007fff3d943000 	/System/Library/Frameworks/IOBluetooth.framework/Versions/A/IOBluetooth
0x00007fff4f3c7000 	/System/Library/PrivateFrameworks/CoreWiFi.framework/Versions/A/CoreWiFi
0x00007fff3ae4a000 	/System/Library/Frameworks/CoreBluetooth.framework/Versions/A/CoreBluetooth
0x00007fff5befd000 	/System/Library/PrivateFrameworks/SignpostNotification.framework/Versions/A/SignpostNotification
0x00007fff4f618000 	/System/Library/PrivateFrameworks/DebugSymbols.framework/Versions/A/DebugSymbols
0x00007fff4f01e000 	/System/Library/PrivateFrameworks/CoreSymbolication.framework/Versions/A/CoreSymbolication
0x00007fff5e1e5000 	/System/Library/PrivateFrameworks/Symbolication.framework/Versions/A/Symbolication
0x00007fff4afa1000 	/System/Library/PrivateFrameworks/AppleFSCompression.framework/Versions/A/AppleFSCompression
0x00007fff5d646000 	/System/Library/PrivateFrameworks/SpeechRecognitionCore.framework/Versions/A/SpeechRecognitionCore
0x0000000101200000 	/Library/Java/JavaVirtualMachines/jdk1.8.0_201.jdk/Contents/Home/jre/lib/server/libjvm.dylib
0x00007fff6280e000 	/usr/lib/libstdc++.6.0.9.dylib
0x0000000100916000 	/Library/Java/JavaVirtualMachines/jdk1.8.0_201.jdk/Contents/Home/jre/lib/libverify.dylib
0x0000000100924000 	/Library/Java/JavaVirtualMachines/jdk1.8.0_201.jdk/Contents/Home/jre/lib/libjava.dylib
0x000000010095b000 	/Library/Java/JavaVirtualMachines/jdk1.8.0_201.jdk/Contents/Home/jre/lib/libjdwp.dylib
0x00000001009a6000 	/Library/Java/JavaVirtualMachines/jdk1.8.0_201.jdk/Contents/Home/jre/lib/libnpt.dylib
0x00000001009aa000 	/Library/Java/JavaVirtualMachines/jdk1.8.0_201.jdk/Contents/Home/jre/lib/libinstrument.dylib
0x0000000102201000 	/Library/Java/JavaVirtualMachines/jdk1.8.0_201.jdk/Contents/Home/jre/lib/libzip.dylib
0x0000000108b8a000 	/Library/Java/JavaVirtualMachines/jdk1.8.0_201.jdk/Contents/Home/jre/lib/libdt_socket.dylib
0x0000000108dc0000 	/Library/Java/JavaVirtualMachines/jdk1.8.0_201.jdk/Contents/Home/jre/lib/libnet.dylib

VM Arguments:
jvm_args: -agentlib:jdwp=transport=dt_socket,suspend=y,address=localhost:51614 -ea -javaagent:/Applications/Eclipse.app/Contents/Eclipse/configuration/org.eclipse.osgi/403/0/.cp/lib/javaagent-shaded.jar -Dfile.encoding=UTF-8 
java_command: org.eclipse.jdt.internal.junit.runner.RemoteTestRunner -version 3 -port 51613 -testLoaderClass org.eclipse.jdt.internal.junit5.runner.JUnit5TestLoader -loaderpluginname org.eclipse.jdt.junit5.runtime -classNames escape.board.BoardTest
java_class_path (initial): /Users/josephcybulzebede/CS4233-eclipse-workspace/Escape-jcybul-org/bin:/Applications/Eclipse.app/Contents/Eclipse/plugins/org.junit.jupiter.api_5.6.0.v20200203-2009.jar:/Applications/Eclipse.app/Contents/Eclipse/plugins/org.junit.jupiter.engine_5.6.0.v20200203-2009.jar:/Applications/Eclipse.app/Contents/Eclipse/plugins/org.junit.jupiter.migrationsupport_5.6.0.v20200203-2009.jar:/Applications/Eclipse.app/Contents/Eclipse/plugins/org.junit.jupiter.params_5.6.0.v20200203-2009.jar:/Applications/Eclipse.app/Contents/Eclipse/plugins/org.junit.platform.commons_1.6.0.v20200203-2009.jar:/Applications/Eclipse.app/Contents/Eclipse/plugins/org.junit.platform.engine_1.6.0.v20200203-2009.jar:/Applications/Eclipse.app/Contents/Eclipse/plugins/org.junit.platform.launcher_1.6.0.v20200203-2009.jar:/Applications/Eclipse.app/Contents/Eclipse/plugins/org.junit.platform.runner_1.6.0.v20200203-2009.jar:/Applications/Eclipse.app/Contents/Eclipse/plugins/org.junit.platform.suite.api_1.6.0.v20200203-2009.jar:/Applications/Eclipse.app/Contents/Eclipse/plugins/org.junit.vintage.engine_5.6.0.v20200203-2009.jar:/Applications/Eclipse.app/Contents/Eclipse/plugins/org.opentest4j_1.2.0.v20190826-0900.jar:/Applications/Eclipse.app/Contents/Eclipse/plugins/org.apiguardian_1.1.0.v20190826-0900.jar:/Applications/Eclipse.app/Contents/Eclipse/plugins/org.junit_4.13.0.v20200204-1500.jar:/Applications/Eclipse.app/Contents/Eclipse/plugins/org.hamcrest.core_1.3.0.v20180420-1519.jar:/Applications/Eclipse.app/Contents/Eclipse/configuration/org.eclipse.osgi/402/0/.cp:/Applications/Eclipse.app/Contents/Eclipse/configuration/org.eclipse.osgi/400/0/.cp:/Applications/Eclipse.app/Contents/Eclipse/configuration/org.eclipse.osgi/403/0/.cp/lib/javaagent-shaded.jar
Launcher Type: SUN_STANDARD

Environment Variables:
PATH=/usr/bin:/bin:/usr/sbin:/sbin
SHELL=/bin/bash

Signal Handlers:
SIGSEGV: [libjvm.dylib+0x5b723d], sa_mask[0]=11111111011111110111111111111111, sa_flags=SA_ONSTACK|SA_RESTART|SA_SIGINFO
SIGBUS: [libjvm.dylib+0x5b723d], sa_mask[0]=11111111011111110111111111111111, sa_flags=SA_RESTART|SA_SIGINFO
SIGFPE: [libjvm.dylib+0x48c9bc], sa_mask[0]=11111111011111110111111111111111, sa_flags=SA_RESTART|SA_SIGINFO
SIGPIPE: [libjvm.dylib+0x48c9bc], sa_mask[0]=11111111011111110111111111111111, sa_flags=SA_RESTART|SA_SIGINFO
SIGXFSZ: [libjvm.dylib+0x48c9bc], sa_mask[0]=11111111011111110111111111111111, sa_flags=SA_RESTART|SA_SIGINFO
SIGILL: [libjvm.dylib+0x48c9bc], sa_mask[0]=11111111011111110111111111111111, sa_flags=SA_RESTART|SA_SIGINFO
SIGUSR1: SIG_DFL, sa_mask[0]=00000000000000000000000000000000, sa_flags=none
SIGUSR2: [libjvm.dylib+0x48c4da], sa_mask[0]=00100000000000000000000000000000, sa_flags=SA_RESTART|SA_SIGINFO
SIGHUP: [libjvm.dylib+0x48aa65], sa_mask[0]=11111111011111110111111111111111, sa_flags=SA_RESTART|SA_SIGINFO
SIGINT: [libjvm.dylib+0x48aa65], sa_mask[0]=11111111011111110111111111111111, sa_flags=SA_RESTART|SA_SIGINFO
SIGTERM: [libjvm.dylib+0x48aa65], sa_mask[0]=11111111011111110111111111111111, sa_flags=SA_RESTART|SA_SIGINFO
SIGQUIT: [libjvm.dylib+0x48aa65], sa_mask[0]=11111111011111110111111111111111, sa_flags=SA_RESTART|SA_SIGINFO


---------------  S Y S T E M  ---------------

OS:Bsduname:Darwin 17.4.0 Darwin Kernel Version 17.4.0: Sun Dec 17 09:19:54 PST 2017; root:xnu-4570.41.2~1/RELEASE_X86_64 x86_64
rlimit: STACK 8192k, CORE 0k, NPROC 709, NOFILE 10240, AS infinity
load average:3.58 2.48 2.09

CPU:total 4 (initial active 4) (2 cores per cpu, 2 threads per core) family 6 model 61 stepping 4, cmov, cx8, fxsr, mmx, sse, sse2, sse3, ssse3, sse4.1, sse4.2, popcnt, avx, avx2, aes, clmul, erms, 3dnowpref, lzcnt, ht, tsc, tscinvbit, bmi1, bmi2, adx

Memory: 4k page, physical 8388608k(19812k free)

/proc/meminfo:


vm_info: Java HotSpot(TM) 64-Bit Server VM (25.201-b09) for bsd-amd64 JRE (1.8.0_201-b09), built on Dec 15 2018 18:35:23 by "java_re" with gcc 4.2.1 (Based on Apple Inc. build 5658) (LLVM build 2336.11.00)

time: Wed Apr 29 16:52:49 2020
timezone: -05
elapsed time: 133035 seconds (1d 12h 57m 15s)

